1718536887,,,/home/the_dise/Downloads/769228540554.mp4,54
1718536956,,,/home/the_dise/Downloads/769228540554.mp4,54
1718536977,,,/home/the_dise/Downloads/6296076290787.mp4,55
1718536980,,,/home/the_dise/Downloads/6518809496101.mp4,55
1718537051,,,/home/the_dise/Downloads/769228540554.mp4,54
1718537099,,,/home/the_dise/Downloads/769228540554.mp4,54
1718537110,,,/home/the_dise/Downloads/769228540554.mp4,54
1718537229,,,/home/the_dise/Downloads/6296076290787.mp4,55
1718537238,,,/home/the_dise/Downloads/769228540554.mp4,54
1718537339,,,/home/the_dise/Downloads/769228540554.mp4,54
1718537520,,,/home/the_dise/Downloads/769228540554.mp4,54
1718537653,,,/home/the_dise/Downloads/6296076290787.mp4,55
1718537655,,,/home/the_dise/Downloads/769228540554.mp4,54
1718537697,,,/home/the_dise/Downloads/769228540554.mp4,54
1718537744,,,/home/the_dise/Downloads/769228540554.mp4,54
1718537767,,,/home/the_dise/Downloads/769228540554.mp4,54
1718542776,,,/home/the_dise/Downloads/769228540554.mp4,54
1718542980,,,/home/the_dise/Downloads/769228540554.mp4,54
1718543175,,,/home/the_dise/Downloads/769228540554.mp4,54
1718543714,,,/home/the_dise/Downloads/769228540554.mp4,54
1718543765,25,Bocchi the Rock Episode 1,https://video.wixstatic.com/video/4baa99_a8b8039f8f114338a406ae920fb7d8ba/1080p/mp4/file.mp4,132
1718543947,,,/home/the_dise/Downloads/769228540554.mp4,54
1718544024,25,Bocchi the Rock Episode 2,https://video.wixstatic.com/video/4a6090_efb2cd7e4562410ab04b1fb0b97701f6/1080p/mp4/file.mp4,132
1718544095,25,Bocchi the Rock Episode 3,https://video.wixstatic.com/video/10e12b_d3bffd4f86db4b48a87e0d53415bfb1b/1080p/mp4/file.mp4,132
1718544454,25,Bocchi the Rock Episode 3,https://video.wixstatic.com/video/10e12b_d3bffd4f86db4b48a87e0d53415bfb1b/1080p/mp4/file.mp4,132
1718544648,25,Bocchi the Rock Episode 2,https://video.wixstatic.com/video/4a6090_efb2cd7e4562410ab04b1fb0b97701f6/1080p/mp4/file.mp4,132
1718546053,25,Bocchi the Rock Episode 3,https://video.wixstatic.com/video/10e12b_d3bffd4f86db4b48a87e0d53415bfb1b/1080p/mp4/file.mp4,132
1718546205,25,Bocchi the Rock Episode 3,https://video.wixstatic.com/video/10e12b_d3bffd4f86db4b48a87e0d53415bfb1b/1080p/mp4/file.mp4,132
1718546309,25,Bocchi the Rock Episode 3,https://video.wixstatic.com/video/10e12b_d3bffd4f86db4b48a87e0d53415bfb1b/1080p/mp4/file.mp4,132
1718546386,25,Bocchi the Rock Episode 4,https://video.wixstatic.com/video/beb420_e73e3842fb264ca8a29d378966aac920/1080p/mp4/file.mp4,132
1718546464,,,https://cache.libria.fun/videos/media/ts/9293/1/1080/f732397337bcedd61c1f5b7a51b68f87.m3u8,103
1718551174,,,/home/the_dise/Downloads/6845278456403.mp4,55
1718551184,,,/home/the_dise/Downloads/gnome-new-catpuccin-fedora-rice-v0-14vxu2swm2qa1.webp,91
1718551189,,,/home/the_dise/Downloads/ic_launcher_background.png,64
1718551204,,,/home/the_dise/Downloads/6845278456403.mp4,55
1718551323,,,/home/the_dise/Downloads/gnome-new-catpuccin-fedora-rice-v0-14vxu2swm2qa1.webp,91
1718551325,,,/home/the_dise/Downloads/ic_launcher_background.png,64
1718551326,,,/home/the_dise/Downloads/japanse-nasa-wall-no-logo (1).webp,72
1718551327,,,/home/the_dise/Downloads/japanse-nasa-wall-no-logo.webp,68
1718551328,,,/home/the_dise/Downloads/keyboard.png,50
1718551329,,,/home/the_dise/Downloads/mts.webp,46
1718551330,,,/home/the_dise/Downloads/profileIcon_xcok0s3sdj7b1.webp,68
1718551331,,,/home/the_dise/Downloads/Screenshot from 2024-06-13 23-19-40.png,77
1718551333,,,/home/the_dise/Downloads/the_dise.png,50
1718551606,,,/home/the_dise/Downloads/6845278456403.mp4,55
1718551915,,,/home/the_dise/Downloads/gnome-new-catpuccin-fedora-rice-v0-14vxu2swm2qa1.webp,91
1718551916,,,/home/the_dise/Downloads/ic_launcher_background.png,64
1718551917,,,/home/the_dise/Downloads/japanse-nasa-wall-no-logo (1).webp,72
1718551981,,,/home/the_dise/Downloads/6845278456403.mp4,55
1718552257,,,/home/the_dise/Downloads/6845278456403.mp4,55
1718552306,,,/home/the_dise/Downloads/6845278456403.mp4,55
1718552324,,,/home/the_dise/Downloads/6845278456403.mp4,55
1718552443,,,/home/the_dise/Downloads/6845278456403.mp4,55
1718552749,,,https://cache.libria.fun/videos/media/ts/9293/1/1080/f732397337bcedd61c1f5b7a51b68f87.m3u8,103
